# JRE version: Java(TM) SE Runtime Environment (8.0_66-b18) (build 1.8.0_66-b18)
# Java VM: Java HotSpot(TM) 64-Bit Server VM (25.66-b18 mixed mode windows-amd64 compressed oops)
Heap:
 PSYoungGen      total 81408K, used 55790K [0x00000000d6e00000, 0x00000000de680000, 0x0000000100000000)
  eden space 69120K, 71% used [0x00000000d6e00000,0x00000000d9df0be8,0x00000000db180000)
  from space 12288K, 54% used [0x00000000db180000,0x00000000db80acc0,0x00000000dbd80000)
  to   space 12288K, 0% used [0x00000000dda80000,0x00000000dda80000,0x00000000de680000)
 ParOldGen       total 54784K, used 15095K [0x0000000084a00000, 0x0000000087f80000, 0x00000000d6e00000)
  object space 54784K, 27% used [0x0000000084a00000,0x00000000858bdce8,0x0000000087f80000)
 Metaspace       used 30025K, capacity 31236K, committed 31360K, reserved 1077248K
  class space    used 3918K, capacity 4209K, committed 4224K, reserved 1048576K
GC Heap History (10 events):
Event: 4.849 GC heap before
{Heap before GC invocations=4 (full 1):
 PSYoungGen      total 36864K, used 5088K [0x00000000d6e00000, 0x00000000db600000, 0x0000000100000000)
  eden space 31744K, 0% used [0x00000000d6e00000,0x00000000d6e00000,0x00000000d8d00000)
  from space 5120K, 99% used [0x00000000d8d00000,0x00000000d91f8070,0x00000000d9200000)
  to   space 5120K, 0% used [0x00000000db100000,0x00000000db100000,0x00000000db600000)
 ParOldGen       total 84992K, used 2264K [0x0000000084a00000, 0x0000000089d00000, 0x00000000d6e00000)
  object space 84992K, 2% used [0x0000000084a00000,0x0000000084c360e8,0x0000000089d00000)
 Metaspace       used 20537K, capacity 21208K, committed 21296K, reserved 1067008K
  class space    used 2773K, capacity 2939K, committed 2944K, reserved 1048576K
Event: 4.904 GC heap after
Heap after GC invocations=4 (full 1):
 PSYoungGen      total 36864K, used 0K [0x00000000d6e00000, 0x00000000db600000, 0x0000000100000000)
  eden space 31744K, 0% used [0x00000000d6e00000,0x00000000d6e00000,0x00000000d8d00000)
  from space 5120K, 0% used [0x00000000d8d00000,0x00000000d8d00000,0x00000000d9200000)
  to   space 5120K, 0% used [0x00000000db100000,0x00000000db100000,0x00000000db600000)
 ParOldGen       total 54784K, used 6190K [0x0000000084a00000, 0x0000000087f80000, 0x00000000d6e00000)
  object space 54784K, 11% used [0x0000000084a00000,0x000000008500bad8,0x0000000087f80000)
 Metaspace       used 20537K, capacity 21208K, committed 21296K, reserved 1067008K
  class space    used 2773K, capacity 2939K, committed 2944K, reserved 1048576K
}
Event: 10.060 GC heap before
{Heap before GC invocations=5 (full 1):
 PSYoungGen      total 36864K, used 31744K [0x00000000d6e00000, 0x00000000db600000, 0x0000000100000000)
  eden space 31744K, 100% used [0x00000000d6e00000,0x00000000d8d00000,0x00000000d8d00000)
  from space 5120K, 0% used [0x00000000d8d00000,0x00000000d8d00000,0x00000000d9200000)
  to   space 5120K, 0% used [0x00000000db100000,0x00000000db100000,0x00000000db600000)
 ParOldGen       total 54784K, used 6190K [0x0000000084a00000, 0x0000000087f80000, 0x00000000d6e00000)
  object space 54784K, 11% used [0x0000000084a00000,0x000000008500bad8,0x0000000087f80000)
 Metaspace       used 27585K, capacity 28730K, committed 28928K, reserved 1075200K
  class space    used 3741K, capacity 4040K, committed 4096K, reserved 1048576K
Event: 10.095 GC heap after
Heap after GC invocations=5 (full 1):
 PSYoungGen      total 53248K, used 5099K [0x00000000d6e00000, 0x00000000db600000, 0x0000000100000000)
  eden space 48128K, 0% used [0x00000000d6e00000,0x00000000d6e00000,0x00000000d9d00000)
  from space 5120K, 99% used [0x00000000db100000,0x00000000db5facd0,0x00000000db600000)
  to   space 5120K, 0% used [0x00000000dac00000,0x00000000dac00000,0x00000000db100000)
 ParOldGen       total 54784K, used 11032K [0x0000000084a00000, 0x0000000087f80000, 0x00000000d6e00000)
  object space 54784K, 20% used [0x0000000084a00000,0x00000000854c63c8,0x0000000087f80000)
 Metaspace       used 27585K, capacity 28730K, committed 28928K, reserved 1075200K
  class space    used 3741K, capacity 4040K, committed 4096K, reserved 1048576K
}
Event: 14.092 GC heap before
{Heap before GC invocations=6 (full 1):
 PSYoungGen      total 53248K, used 53227K [0x00000000d6e00000, 0x00000000db600000, 0x0000000100000000)
  eden space 48128K, 100% used [0x00000000d6e00000,0x00000000d9d00000,0x00000000d9d00000)
  from space 5120K, 99% used [0x00000000db100000,0x00000000db5facd0,0x00000000db600000)
  to   space 5120K, 0% used [0x00000000dac00000,0x00000000dac00000,0x00000000db100000)
 ParOldGen       total 54784K, used 11032K [0x0000000084a00000, 0x0000000087f80000, 0x00000000d6e00000)
  object space 54784K, 20% used [0x0000000084a00000,0x00000000854c63c8,0x0000000087f80000)
 Metaspace       used 28153K, capacity 29376K, committed 29440K, reserved 1075200K
  class space    used 3779K, capacity 4083K, committed 4096K, reserved 1048576K
Event: 14.107 GC heap after
Heap after GC invocations=6 (full 1):
 PSYoungGen      total 68608K, used 5099K [0x00000000d6e00000, 0x00000000dc880000, 0x0000000100000000)
  eden space 63488K, 0% used [0x00000000d6e00000,0x00000000d6e00000,0x00000000dac00000)
  from space 5120K, 99% used [0x00000000dac00000,0x00000000db0facc0,0x00000000db100000)
  to   space 11264K, 0% used [0x00000000dbd80000,0x00000000dbd80000,0x00000000dc880000)
 ParOldGen       total 54784K, used 15087K [0x0000000084a00000, 0x0000000087f80000, 0x00000000d6e00000)
  object space 54784K, 27% used [0x0000000084a00000,0x00000000858bbce8,0x0000000087f80000)
 Metaspace       used 28153K, capacity 29376K, committed 29440K, reserved 1075200K
  class space    used 3779K, capacity 4083K, committed 4096K, reserved 1048576K
}
Event: 15.402 GC heap before
{Heap before GC invocations=7 (full 1):
 PSYoungGen      total 68608K, used 68587K [0x00000000d6e00000, 0x00000000dc880000, 0x0000000100000000)
  eden space 63488K, 100% used [0x00000000d6e00000,0x00000000dac00000,0x00000000dac00000)
  from space 5120K, 99% used [0x00000000dac00000,0x00000000db0facc0,0x00000000db100000)
  to   space 11264K, 0% used [0x00000000dbd80000,0x00000000dbd80000,0x00000000dc880000)
 ParOldGen       total 54784K, used 15087K [0x0000000084a00000, 0x0000000087f80000, 0x00000000d6e00000)
  object space 54784K, 27% used [0x0000000084a00000,0x00000000858bbce8,0x0000000087f80000)
 Metaspace       used 28252K, capacity 29440K, committed 29696K, reserved 1075200K
  class space    used 3779K, capacity 4083K, committed 4096K, reserved 1048576K
Event: 15.413 GC heap after
Heap after GC invocations=7 (full 1):
 PSYoungGen      total 80384K, used 10571K [0x00000000d6e00000, 0x00000000de000000, 0x0000000100000000)
  eden space 69120K, 0% used [0x00000000d6e00000,0x00000000d6e00000,0x00000000db180000)
  from space 11264K, 93% used [0x00000000dbd80000,0x00000000dc7d2cc0,0x00000000dc880000)
  to   space 12288K, 0% used [0x00000000db180000,0x00000000db180000,0x00000000dbd80000)
 ParOldGen       total 54784K, used 15087K [0x0000000084a00000, 0x0000000087f80000, 0x00000000d6e00000)
  object space 54784K, 27% used [0x0000000084a00000,0x00000000858bbce8,0x0000000087f80000)
 Metaspace       used 28252K, capacity 29440K, committed 29696K, reserved 1075200K
  class space    used 3779K, capacity 4083K, committed 4096K, reserved 1048576K
}
Event: 16.703 GC heap before
{Heap before GC invocations=8 (full 1):
 PSYoungGen      total 80384K, used 79691K [0x00000000d6e00000, 0x00000000de000000, 0x0000000100000000)
  eden space 69120K, 100% used [0x00000000d6e00000,0x00000000db180000,0x00000000db180000)
  from space 11264K, 93% used [0x00000000dbd80000,0x00000000dc7d2cc0,0x00000000dc880000)
  to   space 12288K, 0% used [0x00000000db180000,0x00000000db180000,0x00000000dbd80000)
 ParOldGen       total 54784K, used 15087K [0x0000000084a00000, 0x0000000087f80000, 0x00000000d6e00000)
  object space 54784K, 27% used [0x0000000084a00000,0x00000000858bbce8,0x0000000087f80000)
 Metaspace       used 28368K, capacity 29574K, committed 29696K, reserved 1075200K
  class space    used 3781K, capacity 4084K, committed 4096K, reserved 1048576K
Event: 16.711 GC heap after
Heap after GC invocations=8 (full 1):
 PSYoungGen      total 81408K, used 6699K [0x00000000d6e00000, 0x00000000de680000, 0x0000000100000000)
  eden space 69120K, 0% used [0x00000000d6e00000,0x00000000d6e00000,0x00000000db180000)
  from space 12288K, 54% used [0x00000000db180000,0x00000000db80acc0,0x00000000dbd80000)
  to   space 12288K, 0% used [0x00000000dda80000,0x00000000dda80000,0x00000000de680000)
 ParOldGen       total 54784K, used 15095K [0x0000000084a00000, 0x0000000087f80000, 0x00000000d6e00000)
  object space 54784K, 27% used [0x0000000084a00000,0x00000000858bdce8,0x0000000087f80000)
 Metaspace       used 28368K, capacity 29574K, committed 29696K, reserved 1075200K
  class space    used 3781K, capacity 4084K, committed 4096K, reserved 1048576K
}

